<?xml version="1.0" encoding="UTF-8"?>
<!-- Generated by org.testng.reporters.JUnitReportReporter -->
<testsuite hostname="family" name="test.GithubPageTest" tests="1" failures="0" timestamp="8 Mar 2017 23:43:32 GMT" time="2.207" errors="0">
  <testcase name="clickLogin" time="2.207" classname="test.GithubPageTest"/>
</testsuite> <!-- test.GithubPageTest -->
