<?xml version="1.0" encoding="UTF-8"?>
<!-- Generated by org.testng.reporters.JUnitReportReporter -->
<testsuite hostname="family" name="test.RepositoryPageTest" tests="7" failures="0" timestamp="9 Mar 2017 06:20:59 GMT" time="9.186" errors="0">
  <testcase name="clickUploadFiles" time="2.240" classname="test.RepositoryPageTest"/>
  <testcase name="clickSrcCom" time="0.724" classname="test.RepositoryPageTest"/>
  <testcase name="fileUpload" time="0.295" classname="test.RepositoryPageTest"/>
  <testcase name="clickCommit" time="3.853" classname="test.RepositoryPageTest"/>
  <testcase name="clickGithubFolder" time="0.338" classname="test.RepositoryPageTest"/>
  <testcase name="clickArrays" time="0.630" classname="test.RepositoryPageTest"/>
  <testcase name="clickChooseFiles" time="1.106" classname="test.RepositoryPageTest"/>
</testsuite> <!-- test.RepositoryPageTest -->
