<?xml version="1.0" encoding="UTF-8"?>
<!-- Generated by org.testng.reporters.JUnitReportReporter -->
<testsuite hostname="family" name="test.GitHomePageTest" tests="1" failures="0" timestamp="9 Mar 2017 06:20:59 GMT" time="2.012" errors="0">
  <testcase name="clickLogin" time="2.012" classname="test.GitHomePageTest"/>
</testsuite> <!-- test.GitHomePageTest -->
