<?xml version="1.0" encoding="UTF-8"?>
<!-- Generated by org.testng.reporters.JUnitReportReporter -->
<testsuite hostname="family" name="test.LoginPageTest" tests="2" failures="0" timestamp="9 Mar 2017 06:20:59 GMT" time="6.896" errors="0">
  <testcase name="clickRepo" time="2.821" classname="test.LoginPageTest"/>
  <testcase name="login" time="4.075" classname="test.LoginPageTest"/>
</testsuite> <!-- test.LoginPageTest -->
